# JRE version: OpenJDK Runtime Environment (8.0_212-b04) (build 1.8.0_212-release-1586-b04)
# Java VM: OpenJDK 64-Bit Server VM (25.212-b04 mixed mode windows-amd64 compressed oops)
Heap:
 PSYoungGen      total 421376K, used 135693K [0x00000000e0000000, 0x00000000fe880000, 0x0000000100000000)
  eden space 384000K, 31% used [0x00000000e0000000,0x00000000e77700a8,0x00000000f7700000)
  from space 37376K, 35% used [0x00000000f7700000,0x00000000f84134d0,0x00000000f9b80000)
  to   space 36352K, 0% used [0x00000000fc500000,0x00000000fc500000,0x00000000fe880000)
 ParOldGen       total 303104K, used 65323K [0x00000000a0000000, 0x00000000b2800000, 0x00000000e0000000)
  object space 303104K, 21% used [0x00000000a0000000,0x00000000a3fcaef0,0x00000000b2800000)
 Metaspace       used 104351K, capacity 109288K, committed 109336K, reserved 1144832K
  class space    used 13358K, capacity 14328K, committed 14360K, reserved 1048576K
GC Heap History (10 events):
Event: 44.437 GC heap before
{Heap before GC invocations=19 (full 3):
 PSYoungGen      total 333824K, used 319677K [0x00000000e0000000, 0x00000000f9300000, 0x0000000100000000)
  eden space 300032K, 100% used [0x00000000e0000000,0x00000000f2500000,0x00000000f2500000)
  from space 33792K, 58% used [0x00000000f2500000,0x00000000f382f550,0x00000000f4600000)
  to   space 33280K, 0% used [0x00000000f7280000,0x00000000f7280000,0x00000000f9300000)
 ParOldGen       total 200192K, used 59295K [0x00000000a0000000, 0x00000000ac380000, 0x00000000e0000000)
  object space 200192K, 29% used [0x00000000a0000000,0x00000000a39e7cb8,0x00000000ac380000)
 Metaspace       used 93684K, capacity 97600K, committed 97816K, reserved 1134592K
  class space    used 11972K, capacity 12802K, committed 12824K, reserved 1048576K
Event: 44.487 GC heap after
Heap after GC invocations=19 (full 3):
 PSYoungGen      total 374784K, used 33264K [0x00000000e0000000, 0x00000000f9900000, 0x0000000100000000)
  eden space 341504K, 0% used [0x00000000e0000000,0x00000000e0000000,0x00000000f4d80000)
  from space 33280K, 99% used [0x00000000f7280000,0x00000000f92fc180,0x00000000f9300000)
  to   space 37888K, 0% used [0x00000000f4d80000,0x00000000f4d80000,0x00000000f7280000)
 ParOldGen       total 200192K, used 59311K [0x00000000a0000000, 0x00000000ac380000, 0x00000000e0000000)
  object space 200192K, 29% used [0x00000000a0000000,0x00000000a39ebcb8,0x00000000ac380000)
 Metaspace       used 93684K, capacity 97600K, committed 97816K, reserved 1134592K
  class space    used 11972K, capacity 12802K, committed 12824K, reserved 1048576K
}
Event: 45.856 GC heap before
{Heap before GC invocations=20 (full 3):
 PSYoungGen      total 374784K, used 66438K [0x00000000e0000000, 0x00000000f9900000, 0x0000000100000000)
  eden space 341504K, 9% used [0x00000000e0000000,0x00000000e2065850,0x00000000f4d80000)
  from space 33280K, 99% used [0x00000000f7280000,0x00000000f92fc180,0x00000000f9300000)
  to   space 37888K, 0% used [0x00000000f4d80000,0x00000000f4d80000,0x00000000f7280000)
 ParOldGen       total 200192K, used 59311K [0x00000000a0000000, 0x00000000ac380000, 0x00000000e0000000)
  object space 200192K, 29% used [0x00000000a0000000,0x00000000a39ebcb8,0x00000000ac380000)
 Metaspace       used 94461K, capacity 98488K, committed 98600K, reserved 1134592K
  class space    used 12083K, capacity 12900K, committed 12952K, reserved 1048576K
Event: 45.909 GC heap after
Heap after GC invocations=20 (full 3):
 PSYoungGen      total 379392K, used 22966K [0x00000000e0000000, 0x00000000fc100000, 0x0000000100000000)
  eden space 341504K, 0% used [0x00000000e0000000,0x00000000e0000000,0x00000000f4d80000)
  from space 37888K, 60% used [0x00000000f4d80000,0x00000000f63eda28,0x00000000f7280000)
  to   space 37888K, 0% used [0x00000000f9c00000,0x00000000f9c00000,0x00000000fc100000)
 ParOldGen       total 200192K, used 59319K [0x00000000a0000000, 0x00000000ac380000, 0x00000000e0000000)
  object space 200192K, 29% used [0x00000000a0000000,0x00000000a39edcb8,0x00000000ac380000)
 Metaspace       used 94461K, capacity 98488K, committed 98600K, reserved 1134592K
  class space    used 12083K, capacity 12900K, committed 12952K, reserved 1048576K
}
Event: 45.909 GC heap before
{Heap before GC invocations=21 (full 4):
 PSYoungGen      total 379392K, used 22966K [0x00000000e0000000, 0x00000000fc100000, 0x0000000100000000)
  eden space 341504K, 0% used [0x00000000e0000000,0x00000000e0000000,0x00000000f4d80000)
  from space 37888K, 60% used [0x00000000f4d80000,0x00000000f63eda28,0x00000000f7280000)
  to   space 37888K, 0% used [0x00000000f9c00000,0x00000000f9c00000,0x00000000fc100000)
 ParOldGen       total 200192K, used 59319K [0x00000000a0000000, 0x00000000ac380000, 0x00000000e0000000)
  object space 200192K, 29% used [0x00000000a0000000,0x00000000a39edcb8,0x00000000ac380000)
 Metaspace       used 94461K, capacity 98488K, committed 98600K, reserved 1134592K
  class space    used 12083K, capacity 12900K, committed 12952K, reserved 1048576K
Event: 46.181 GC heap after
Heap after GC invocations=21 (full 4):
 PSYoungGen      total 379392K, used 0K [0x00000000e0000000, 0x00000000fc100000, 0x0000000100000000)
  eden space 341504K, 0% used [0x00000000e0000000,0x00000000e0000000,0x00000000f4d80000)
  from space 37888K, 0% used [0x00000000f4d80000,0x00000000f4d80000,0x00000000f7280000)
  to   space 37888K, 0% used [0x00000000f9c00000,0x00000000f9c00000,0x00000000fc100000)
 ParOldGen       total 303104K, used 65307K [0x00000000a0000000, 0x00000000b2800000, 0x00000000e0000000)
  object space 303104K, 21% used [0x00000000a0000000,0x00000000a3fc6ef0,0x00000000b2800000)
 Metaspace       used 94354K, capacity 98182K, committed 98600K, reserved 1134592K
  class space    used 12048K, capacity 12839K, committed 12952K, reserved 1048576K
}
Event: 49.583 GC heap before
{Heap before GC invocations=22 (full 4):
 PSYoungGen      total 379392K, used 341504K [0x00000000e0000000, 0x00000000fc100000, 0x0000000100000000)
  eden space 341504K, 100% used [0x00000000e0000000,0x00000000f4d80000,0x00000000f4d80000)
  from space 37888K, 0% used [0x00000000f4d80000,0x00000000f4d80000,0x00000000f7280000)
  to   space 37888K, 0% used [0x00000000f9c00000,0x00000000f9c00000,0x00000000fc100000)
 ParOldGen       total 303104K, used 65307K [0x00000000a0000000, 0x00000000b2800000, 0x00000000e0000000)
  object space 303104K, 21% used [0x00000000a0000000,0x00000000a3fc6ef0,0x00000000b2800000)
 Metaspace       used 103886K, capacity 108768K, committed 109080K, reserved 1144832K
  class space    used 13318K, capacity 14280K, committed 14360K, reserved 1048576K
Event: 49.593 GC heap after
Heap after GC invocations=22 (full 4):
 PSYoungGen      total 420864K, used 11124K [0x00000000e0000000, 0x00000000fc000000, 0x0000000100000000)
  eden space 384000K, 0% used [0x00000000e0000000,0x00000000e0000000,0x00000000f7700000)
  from space 36864K, 30% used [0x00000000f9c00000,0x00000000fa6dd240,0x00000000fc000000)
  to   space 37376K, 0% used [0x00000000f7700000,0x00000000f7700000,0x00000000f9b80000)
 ParOldGen       total 303104K, used 65315K [0x00000000a0000000, 0x00000000b2800000, 0x00000000e0000000)
  object space 303104K, 21% used [0x00000000a0000000,0x00000000a3fc8ef0,0x00000000b2800000)
 Metaspace       used 103886K, capacity 108768K, committed 109080K, reserved 1144832K
  class space    used 13318K, capacity 14280K, committed 14360K, reserved 1048576K
}
Event: 50.915 GC heap before
{Heap before GC invocations=23 (full 4):
 PSYoungGen      total 420864K, used 395124K [0x00000000e0000000, 0x00000000fc000000, 0x0000000100000000)
  eden space 384000K, 100% used [0x00000000e0000000,0x00000000f7700000,0x00000000f7700000)
  from space 36864K, 30% used [0x00000000f9c00000,0x00000000fa6dd240,0x00000000fc000000)
  to   space 37376K, 0% used [0x00000000f7700000,0x00000000f7700000,0x00000000f9b80000)
 ParOldGen       total 303104K, used 65315K [0x00000000a0000000, 0x00000000b2800000, 0x00000000e0000000)
  object space 303104K, 21% used [0x00000000a0000000,0x00000000a3fc8ef0,0x00000000b2800000)
 Metaspace       used 104290K, capacity 109216K, committed 109336K, reserved 1144832K
  class space    used 13355K, capacity 14326K, committed 14360K, reserved 1048576K
Event: 50.927 GC heap after
Heap after GC invocations=23 (full 4):
 PSYoungGen      total 421376K, used 13389K [0x00000000e0000000, 0x00000000fe880000, 0x0000000100000000)
  eden space 384000K, 0% used [0x00000000e0000000,0x00000000e0000000,0x00000000f7700000)
  from space 37376K, 35% used [0x00000000f7700000,0x00000000f84134d0,0x00000000f9b80000)
  to   space 36352K, 0% used [0x00000000fc500000,0x00000000fc500000,0x00000000fe880000)
 ParOldGen       total 303104K, used 65323K [0x00000000a0000000, 0x00000000b2800000, 0x00000000e0000000)
  object space 303104K, 21% used [0x00000000a0000000,0x00000000a3fcaef0,0x00000000b2800000)
 Metaspace       used 104290K, capacity 109216K, committed 109336K, reserved 1144832K
  class space    used 13355K, capacity 14326K, committed 14360K, reserved 1048576K
}

